<?xml version="1.0" encoding="UTF-8"?>
<testng-results total="1" passed="1" failed="0" skipped="0">
  <reporter-output>
    <line>
      <![CDATA[result -------------> 0]]>
    </line>
  </reporter-output>
  <suite started-at="2020-11-10T12:24:20Z" name="Default suite" finished-at="2020-11-10T12:24:31Z" duration-ms="10957">
    <groups>
    </groups>
    <test started-at="2020-11-10T12:24:20Z" name="Default test" finished-at="2020-11-10T12:24:31Z" duration-ms="10957">
      <class name="com.occurance.testOccurance.OccuranceTest">
        <test-method is-config="true" signature="configBS()[pri:0, instance:com.occurance.testOccurance.OccuranceTest@4e3958e7]" started-at="2020-11-10T17:54:20Z" name="configBS" finished-at="2020-11-10T17:54:20Z" duration-ms="28" status="PASS">
          <reporter-output>
          </reporter-output>
        </test-method> <!-- configBS -->
        <test-method is-config="true" signature="configBC()[pri:0, instance:com.occurance.testOccurance.OccuranceTest@4e3958e7]" started-at="2020-11-10T17:54:20Z" name="configBC" finished-at="2020-11-10T17:54:26Z" duration-ms="6396" status="PASS">
          <reporter-output>
          </reporter-output>
        </test-method> <!-- configBC -->
        <test-method is-config="true" signature="configBM()[pri:0, instance:com.occurance.testOccurance.OccuranceTest@4e3958e7]" started-at="2020-11-10T17:54:26Z" name="configBM" finished-at="2020-11-10T17:54:26Z" duration-ms="280" status="PASS">
          <reporter-output>
          </reporter-output>
        </test-method> <!-- configBM -->
        <test-method signature="testCharacter()[pri:0, instance:com.occurance.testOccurance.OccuranceTest@4e3958e7]" started-at="2020-11-10T17:54:26Z" name="testCharacter" finished-at="2020-11-10T17:54:30Z" duration-ms="3465" status="PASS">
          <reporter-output>
            <line>
              <![CDATA[result -------------> 0]]>
            </line>
          </reporter-output>
        </test-method> <!-- testCharacter -->
        <test-method is-config="true" signature="configAM(org.testng.ITestResult)[pri:0, instance:com.occurance.testOccurance.OccuranceTest@4e3958e7]" started-at="2020-11-10T17:54:30Z" name="configAM" finished-at="2020-11-10T17:54:30Z" duration-ms="408" status="PASS">
          <params>
            <param index="0">
              <value>
                <![CDATA[[TestResult name=testCharacter status=SUCCESS method=OccuranceTest.testCharacter()[pri:0, instance:com.occurance.testOccurance.OccuranceTest@4e3958e7] output=result -------------> 0]]]>
              </value>
            </param>
          </params>
          <reporter-output>
          </reporter-output>
        </test-method> <!-- configAM -->
        <test-method is-config="true" signature="configAC()[pri:0, instance:com.occurance.testOccurance.OccuranceTest@4e3958e7]" started-at="2020-11-10T17:54:30Z" name="configAC" finished-at="2020-11-10T17:54:31Z" duration-ms="366" status="PASS">
          <reporter-output>
          </reporter-output>
        </test-method> <!-- configAC -->
        <test-method is-config="true" signature="configAS()[pri:0, instance:com.occurance.testOccurance.OccuranceTest@4e3958e7]" started-at="2020-11-10T17:54:31Z" name="configAS" finished-at="2020-11-10T17:54:31Z" duration-ms="1" status="PASS">
          <reporter-output>
          </reporter-output>
        </test-method> <!-- configAS -->
      </class> <!-- com.occurance.testOccurance.OccuranceTest -->
    </test> <!-- Default test -->
  </suite> <!-- Default suite -->
</testng-results>
